<?xml version="1.0" encoding="UTF-8"?>
<!-- Generated by org.testng.reporters.JUnitReportReporter -->
<testsuite hostname="manish-singh" failures="0" tests="11" name="com.valentine.qa.test.Add2CartPageTest" time="177.986" errors="0" timestamp="05 Feb 2019 19:21:16 GMT" skipped="0">
  <testcase classname="com.valentine.qa.test.Add2CartPageTest" name="validatesubmitBtnTest" time="16.093"/>
  <testcase classname="com.valentine.qa.test.Add2CartPageTest" name="validatesubmitBtnTest" time="14.423"/>
  <testcase classname="com.valentine.qa.test.Add2CartPageTest" name="validatesubmitBtnTest" time="16.930"/>
  <testcase classname="com.valentine.qa.test.Add2CartPageTest" name="validatesubmitBtnTest" time="16.677"/>
  <testcase classname="com.valentine.qa.test.Add2CartPageTest" name="validatesubmitBtnTest" time="15.215"/>
  <testcase classname="com.valentine.qa.test.Add2CartPageTest" name="validatesubmitBtnTest" time="17.001"/>
  <testcase classname="com.valentine.qa.test.Add2CartPageTest" name="validatesubmitBtnTest" time="17.494"/>
  <testcase classname="com.valentine.qa.test.Add2CartPageTest" name="validatesubmitBtnTest" time="15.909"/>
  <testcase classname="com.valentine.qa.test.Add2CartPageTest" name="validatesubmitBtnTest" time="15.264"/>
  <testcase classname="com.valentine.qa.test.Add2CartPageTest" name="validatesubmitBtnTest" time="15.247"/>
  <testcase classname="com.valentine.qa.test.Add2CartPageTest" name="validatesubmitBtnTest" time="17.733"/>
</testsuite> <!-- com.valentine.qa.test.Add2CartPageTest -->
