<?xml version="1.0" encoding="UTF-8"?>
<!-- Generated by org.testng.reporters.JUnitReportReporter -->
<testsuite hostname="manish-singh" failures="0" tests="4" name="com.valentine.qa.test.HomePageTest" time="51.258" errors="0" timestamp="05 Feb 2019 17:57:07 GMT" skipped="0">
  <testcase classname="com.valentine.qa.test.HomePageTest" name="homePageTitleTest" time="12.669"/>
  <testcase classname="com.valentine.qa.test.HomePageTest" name="copyRightOwnerTest" time="12.288"/>
  <testcase classname="com.valentine.qa.test.HomePageTest" name="homePageLogoTest" time="12.959"/>
  <testcase classname="com.valentine.qa.test.HomePageTest" name="homePageHeaderCodeBtnClickTest" time="13.342"/>
</testsuite> <!-- com.valentine.qa.test.HomePageTest -->
