<?xml version="1.0" encoding="UTF-8"?>
<!-- Generated by org.testng.reporters.JUnitReportReporter -->
<testsuite hostname="manish-singh" failures="0" tests="11" name="com.valentine.qa.test.Add2CartPageTest" time="186.502" errors="0" timestamp="05 Feb 2019 21:30:37 GMT" skipped="0">
  <testcase classname="com.valentine.qa.test.Add2CartPageTest" name="validatesubmitBtnTest" time="16.527"/>
  <testcase classname="com.valentine.qa.test.Add2CartPageTest" name="validatesubmitBtnTest" time="15.412"/>
  <testcase classname="com.valentine.qa.test.Add2CartPageTest" name="validatesubmitBtnTest" time="15.043"/>
  <testcase classname="com.valentine.qa.test.Add2CartPageTest" name="validatesubmitBtnTest" time="16.995"/>
  <testcase classname="com.valentine.qa.test.Add2CartPageTest" name="validatesubmitBtnTest" time="15.066"/>
  <testcase classname="com.valentine.qa.test.Add2CartPageTest" name="validatesubmitBtnTest" time="17.386"/>
  <testcase classname="com.valentine.qa.test.Add2CartPageTest" name="validatesubmitBtnTest" time="18.438"/>
  <testcase classname="com.valentine.qa.test.Add2CartPageTest" name="validatesubmitBtnTest" time="18.905"/>
  <testcase classname="com.valentine.qa.test.Add2CartPageTest" name="validatesubmitBtnTest" time="19.275"/>
  <testcase classname="com.valentine.qa.test.Add2CartPageTest" name="validatesubmitBtnTest" time="15.997"/>
  <testcase classname="com.valentine.qa.test.Add2CartPageTest" name="validatesubmitBtnTest" time="17.458"/>
</testsuite> <!-- com.valentine.qa.test.Add2CartPageTest -->
