<?xml version="1.0" encoding="UTF-8"?>
<!-- Generated by org.testng.reporters.JUnitReportReporter -->
<testsuite hostname="manish-singh" failures="0" tests="3" name="com.valentine.qa.test.HomePageTest" time="35.991" errors="0" timestamp="03 Feb 2019 15:37:26 GMT" skipped="0">
  <testcase classname="com.valentine.qa.test.HomePageTest" name="homePageTitleTest" time="11.970"/>
  <testcase classname="com.valentine.qa.test.HomePageTest" name="homePageLogoTest" time="11.108"/>
  <testcase classname="com.valentine.qa.test.HomePageTest" name="homePageHeaderCodeBtnClickTest" time="12.913"/>
</testsuite> <!-- com.valentine.qa.test.HomePageTest -->
